Using pre-set license
Built from '6000.0/staging' branch; Version is '6000.0.58f1 (44b8bf3a3225) revision 4503743'; Using compiler version '193933523'; Build Type 'Release'
OS: 'Windows 11  (10.0.26100) 64bit IoTEnterpriseS' Language: 'en' Physical Memory: 32683 MB
BatchMode: 1, IsHumanControllingUs: 0, StartBugReporterOnCrash: 0, Is64bit: 1
Date: 2025-10-01T15:09:31Z

COMMAND LINE ARGUMENTS:
C:\Program Files\Unity\Hub\Editor\6000.0.58f1\Editor\Unity.exe
-adb2
-batchMode
-noUpm
-name
AssetImportWorker1
-projectPath
D:/Development/Gamedev/Unity/KODzilla
-logFile
Logs/AssetImportWorker1.log
-srvPort
61071
-job-worker-count
7
-background-job-worker-count
8
-gc-helper-count
1
-name
AssetImport
Successfully changed project path to: D:/Development/Gamedev/Unity/KODzilla
D:/Development/Gamedev/Unity/KODzilla
[UnityMemory] Configuration Parameters - Can be set up in boot.config
    "memorysetup-bucket-allocator-granularity=16"
    "memorysetup-bucket-allocator-bucket-count=8"
    "memorysetup-bucket-allocator-block-size=33554432"
    "memorysetup-bucket-allocator-block-count=8"
    "memorysetup-main-allocator-block-size=16777216"
    "memorysetup-thread-allocator-block-size=16777216"
    "memorysetup-gfx-main-allocator-block-size=16777216"
    "memorysetup-gfx-thread-allocator-block-size=16777216"
    "memorysetup-cache-allocator-block-size=4194304"
    "memorysetup-typetree-allocator-block-size=2097152"
    "memorysetup-profiler-bucket-allocator-granularity=16"
    "memorysetup-profiler-bucket-allocator-bucket-count=8"
    "memorysetup-profiler-bucket-allocator-block-size=33554432"
    "memorysetup-profiler-bucket-allocator-block-count=8"
    "memorysetup-profiler-allocator-block-size=16777216"
    "memorysetup-profiler-editor-allocator-block-size=1048576"
    "memorysetup-temp-allocator-size-main=16777216"
    "memorysetup-job-temp-allocator-block-size=2097152"
    "memorysetup-job-temp-allocator-block-size-background=1048576"
    "memorysetup-job-temp-allocator-reduction-small-platforms=262144"
    "memorysetup-allocator-temp-initial-block-size-main=262144"
    "memorysetup-allocator-temp-initial-block-size-worker=262144"
    "memorysetup-temp-allocator-size-background-worker=32768"
    "memorysetup-temp-allocator-size-job-worker=262144"
    "memorysetup-temp-allocator-size-preload-manager=33554432"
    "memorysetup-temp-allocator-size-nav-mesh-worker=65536"
    "memorysetup-temp-allocator-size-audio-worker=65536"
    "memorysetup-temp-allocator-size-cloud-worker=32768"
    "memorysetup-temp-allocator-size-gi-baking-worker=262144"
    "memorysetup-temp-allocator-size-gi-baking-worker=262144"
    "memorysetup-temp-allocator-size-gi-baking-worker=262144"
    "memorysetup-temp-allocator-size-gi-baking-worker=262144"
    "memorysetup-temp-allocator-size-gi-baking-worker=262144"
    "memorysetup-temp-allocator-size-gfx=262144"
Player connection [14240]  Target information:

Player connection [14240]  * "[IP] 192.168.1.75 [Port] 0 [Flags] 2 [Guid] 3905546394 [EditorId] 3905546394 [Version] 1048832 [Id] WindowsEditor(7,NayRest-PC) [Debug] 1 [PackageName] WindowsEditor [ProjectName] Editor" 

Player connection [14240]  * "[IP] 192.168.140.1 [Port] 0 [Flags] 2 [Guid] 3905546394 [EditorId] 3905546394 [Version] 1048832 [Id] WindowsEditor(7,NayRest-PC) [Debug] 1 [PackageName] WindowsEditor [ProjectName] Editor" 

Player connection [14240]  * "[IP] 192.168.186.1 [Port] 0 [Flags] 2 [Guid] 3905546394 [EditorId] 3905546394 [Version] 1048832 [Id] WindowsEditor(7,NayRest-PC) [Debug] 1 [PackageName] WindowsEditor [ProjectName] Editor" 

Player connection [14240]  * "[IP] 10.8.1.2 [Port] 0 [Flags] 2 [Guid] 3905546394 [EditorId] 3905546394 [Version] 1048832 [Id] WindowsEditor(7,NayRest-PC) [Debug] 1 [PackageName] WindowsEditor [ProjectName] Editor" 

Player connection [14240] Host joined multi-casting on [225.0.0.222:54997]...
Player connection [14240] Host joined alternative multi-casting on [225.0.0.222:34997]...
JobSystem: Creating JobQueue using job-worker-count value 7
Input System module state changed to: Initialized.
[Physics::Module] Initialized fallback backend.
[Physics::Module] Id: 0xdecafbad
Library Redirect Path: Library/
[Physics::Module] Selected backend.
[Physics::Module] Name: PhysX
[Physics::Module] Id: 0xf2b8ea05
[Physics::Module] SDK Version: 4.1.2
[Physics::Module] Integration Version: 1.0.0
[Physics::Module] Threading Mode: Multi-Threaded
Refreshing native plugins compatible for Editor in 2.06 ms, found 4 plugins.
Preloading 0 native plugins for Editor in 0.00 ms.
Initialize engine version: 6000.0.58f1 (44b8bf3a3225)
[Subsystems] Discovering subsystems at path C:/Program Files/Unity/Hub/Editor/6000.0.58f1/Editor/Data/Resources/UnitySubsystems
[Subsystems] Discovering subsystems at path D:/Development/Gamedev/Unity/KODzilla/Assets
GfxDevice: creating device client; kGfxThreadingModeNonThreaded
Direct3D:
    Version:  Direct3D 11.0 [level 11.1]
    Renderer: NVIDIA GeForce RTX 3070 (ID=0x2488)
    Vendor:   NVIDIA
    VRAM:     8018 MB
    Driver:   32.0.15.7652
Initialize mono
Mono path[0] = 'C:/Program Files/Unity/Hub/Editor/6000.0.58f1/Editor/Data/Managed'
Mono path[1] = 'C:/Program Files/Unity/Hub/Editor/6000.0.58f1/Editor/Data/MonoBleedingEdge/lib/mono/unityjit-win32'
Mono config path = 'C:/Program Files/Unity/Hub/Editor/6000.0.58f1/Editor/Data/MonoBleedingEdge/etc'
Using monoOptions --debugger-agent=transport=dt_socket,embedding=1,server=y,suspend=n,address=127.0.0.1:56448
Begin MonoManager ReloadAssembly
Registering precompiled unity dll's ...
Register platform support module: C:/Program Files/Unity/Hub/Editor/6000.0.58f1/Editor/Data/PlaybackEngines/WebGLSupport/UnityEditor.WebGL.Extensions.dll
Register platform support module: C:/Program Files/Unity/Hub/Editor/6000.0.58f1/Editor/Data/PlaybackEngines/WindowsStandaloneSupport/UnityEditor.WindowsStandalone.Extensions.dll
Trying to register platform support module: C:/Program Files/Unity/Hub/Editor/6000.0.58f1/Editor/Data/PlaybackEngines/AndroidPlayer/UnityEditor.Android.Extensions.dll (that doesn't exist). Retrying without overrides.
Platform support module is not available: C:/Program Files/Unity/Hub/Editor/6000.0.58f1/Editor/Data/PlaybackEngines/AndroidPlayer/UnityEditor.Android.Extensions.dll
Registered in 0.006610 seconds.
- Loaded All Assemblies, in  0.471 seconds
Native extension for WindowsStandalone target not found
Native extension for WebGL target not found
Mono: successfully reloaded assembly
- Finished resetting the current domain, in  0.406 seconds
Domain Reload Profiling: 872ms
	BeginReloadAssembly (139ms)
		ExecutionOrderSort (0ms)
		DisableScriptedObjects (0ms)
		BackupInstance (0ms)
		ReleaseScriptingObjects (0ms)
		CreateAndSetChildDomain (1ms)
	RebuildCommonClasses (41ms)
	RebuildNativeTypeToScriptingClass (12ms)
	initialDomainReloadingComplete (62ms)
	LoadAllAssembliesAndSetupDomain (211ms)
		LoadAssemblies (136ms)
		RebuildTransferFunctionScriptingTraits (0ms)
		AnalyzeDomain (207ms)
			TypeCache.Refresh (205ms)
				TypeCache.ScanAssembly (185ms)
			BuildScriptInfoCaches (0ms)
			ResolveRequiredComponents (0ms)
	FinalizeReload (406ms)
		ReleaseScriptCaches (0ms)
		RebuildScriptCaches (0ms)
		SetupLoadedEditorAssemblies (352ms)
			LogAssemblyErrors (0ms)
			InitializePlatformSupportModulesInManaged (25ms)
			SetLoadedEditorAssemblies (6ms)
			BeforeProcessingInitializeOnLoad (77ms)
			ProcessInitializeOnLoadAttributes (186ms)
			ProcessInitializeOnLoadMethodAttributes (58ms)
			AfterProcessingInitializeOnLoad (0ms)
			EditorAssembliesLoaded (0ms)
		ExecutionOrderSort2 (0ms)
		AwakeInstancesAfterBackupRestoration (0ms)
========================================================================
Worker process is ready to serve import requests
Import Worker Mode flag is 0x00
Begin MonoManager ReloadAssembly
- Loaded All Assemblies, in  0.949 seconds
Refreshing native plugins compatible for Editor in 0.95 ms, found 4 plugins.
Native extension for WindowsStandalone target not found
Native extension for WebGL target not found
Package Manager log level set to [2]
[Package Manager] Failed to launch server process. Reason: Unity was launched with the -noUpm command-line argument
[Package Manager] Unable to send message (not connected to server process).
[Package Manager] Cannot connect to Unity Package Manager local server
Mono: successfully reloaded assembly
- Finished resetting the current domain, in  0.913 seconds
Domain Reload Profiling: 1859ms
	BeginReloadAssembly (216ms)
		ExecutionOrderSort (0ms)
		DisableScriptedObjects (7ms)
		BackupInstance (0ms)
		ReleaseScriptingObjects (0ms)
		CreateAndSetChildDomain (37ms)
	RebuildCommonClasses (41ms)
	RebuildNativeTypeToScriptingClass (13ms)
	initialDomainReloadingComplete (49ms)
	LoadAllAssembliesAndSetupDomain (626ms)
		LoadAssemblies (420ms)
		RebuildTransferFunctionScriptingTraits (0ms)
		AnalyzeDomain (331ms)
			TypeCache.Refresh (247ms)
				TypeCache.ScanAssembly (221ms)
			BuildScriptInfoCaches (67ms)
			ResolveRequiredComponents (12ms)
	FinalizeReload (914ms)
		ReleaseScriptCaches (0ms)
		RebuildScriptCaches (0ms)
		SetupLoadedEditorAssemblies (755ms)
			LogAssemblyErrors (0ms)
			InitializePlatformSupportModulesInManaged (3ms)
			SetLoadedEditorAssemblies (4ms)
			BeforeProcessingInitializeOnLoad (148ms)
			ProcessInitializeOnLoadAttributes (448ms)
			ProcessInitializeOnLoadMethodAttributes (142ms)
			AfterProcessingInitializeOnLoad (10ms)
			EditorAssembliesLoaded (0ms)
		ExecutionOrderSort2 (0ms)
		AwakeInstancesAfterBackupRestoration (6ms)
Launched and connected shader compiler UnityShaderCompiler.exe after 0.01 seconds
Refreshing native plugins compatible for Editor in 1.94 ms, found 4 plugins.
Preloading 0 native plugins for Editor in 0.00 ms.
Unloading 13 Unused Serialized files (Serialized files now loaded: 0)
Unloading 6723 unused Assets / (7.8 MB). Loaded Objects now: 7442.
Memory consumption went from 143.1 MB to 135.4 MB.
Total: 65.887000 ms (FindLiveObjects: 5.825100 ms CreateObjectMapping: 6.623200 ms MarkObjects: 37.212300 ms  DeleteObjects: 16.224200 ms)

========================================================================
Received Import Request.
  Time since last request: 2745.868616 seconds.
  path: Assets/InputSystem_Actions.inputactions
  artifactKey: Guid(2bcd2660ca9b64942af0de543d8d7100) Importer(815301076,1909f56bfc062723c751e8b465ee728b)
Start importing Assets/InputSystem_Actions.inputactions using Guid(2bcd2660ca9b64942af0de543d8d7100) Importer(815301076,1909f56bfc062723c751e8b465ee728b) (PreviewImporter) -> (artifact id: '53fe06f3af3dc15e3ab375079e7f9ec4') in 0.0591996 seconds
Number of updated asset objects reloaded before import = 0Number of asset objects unloaded after import = 19

========================================================================
Received Import Request.
  Time since last request: 0.000063 seconds.
  path: Assets/DefaultVolumeProfile.asset
  artifactKey: Guid(3f9215ea0144899419cfbc0957140d3f) Importer(815301076,1909f56bfc062723c751e8b465ee728b)
Start importing Assets/DefaultVolumeProfile.asset using Guid(3f9215ea0144899419cfbc0957140d3f) Importer(815301076,1909f56bfc062723c751e8b465ee728b) (PreviewImporter) -> (artifact id: '65636432c56742a06922c04c04ec00a3') in 0.0024583 seconds
Number of updated asset objects reloaded before import = 0Number of asset objects unloaded after import = 0

========================================================================
Received Prepare
Refreshing native plugins compatible for Editor in 4.62 ms, found 4 plugins.
Preloading 0 native plugins for Editor in 0.00 ms.
Unloading 13 Unused Serialized files (Serialized files now loaded: 0)
Unloading 6710 unused Assets / (8.8 MB). Loaded Objects now: 7445.
Memory consumption went from 141.4 MB to 132.6 MB.
Total: 66.384600 ms (FindLiveObjects: 4.144100 ms CreateObjectMapping: 2.289500 ms MarkObjects: 29.315400 ms  DeleteObjects: 30.634000 ms)

Prepare: number of updated asset objects reloaded= 0
========================================================================
Received Prepare
Refreshing native plugins compatible for Editor in 1.63 ms, found 4 plugins.
Preloading 0 native plugins for Editor in 0.00 ms.
Unloading 13 Unused Serialized files (Serialized files now loaded: 0)
Unloading 6710 unused Assets / (6.3 MB). Loaded Objects now: 7445.
Memory consumption went from 141.4 MB to 135.1 MB.
Total: 38.360100 ms (FindLiveObjects: 5.420800 ms CreateObjectMapping: 4.869500 ms MarkObjects: 19.522900 ms  DeleteObjects: 8.544900 ms)

Prepare: number of updated asset objects reloaded= 0
========================================================================
Received Import Request.
  Time since last request: 3717.360534 seconds.
  path: Assets/Scripts/WordsGrid.cs
  artifactKey: Guid(2819a45405cc4a14bbcd16a45e8740f8) Importer(815301076,1909f56bfc062723c751e8b465ee728b)
Start importing Assets/Scripts/WordsGrid.cs using Guid(2819a45405cc4a14bbcd16a45e8740f8) Importer(815301076,1909f56bfc062723c751e8b465ee728b) (PreviewImporter) -> (artifact id: 'f1c19730d98d7bd941261972522111a3') in 0.025657 seconds
Number of updated asset objects reloaded before import = 0Number of asset objects unloaded after import = 0

========================================================================
Received Prepare
Refreshing native plugins compatible for Editor in 1.53 ms, found 4 plugins.
Preloading 0 native plugins for Editor in 0.00 ms.
Unloading 13 Unused Serialized files (Serialized files now loaded: 0)
Unloading 6710 unused Assets / (5.3 MB). Loaded Objects now: 7445.
Memory consumption went from 141.4 MB to 136.1 MB.
Total: 23.810800 ms (FindLiveObjects: 1.729900 ms CreateObjectMapping: 2.549700 ms MarkObjects: 13.454000 ms  DeleteObjects: 6.076000 ms)

Prepare: number of updated asset objects reloaded= 0
========================================================================
Received Prepare
Refreshing native plugins compatible for Editor in 1.71 ms, found 4 plugins.
Preloading 0 native plugins for Editor in 0.00 ms.
Unloading 13 Unused Serialized files (Serialized files now loaded: 0)
Unloading 6710 unused Assets / (5.5 MB). Loaded Objects now: 7445.
Memory consumption went from 141.4 MB to 135.9 MB.
Total: 23.304800 ms (FindLiveObjects: 1.921100 ms CreateObjectMapping: 2.396400 ms MarkObjects: 12.402400 ms  DeleteObjects: 6.583200 ms)

Prepare: number of updated asset objects reloaded= 0
========================================================================
Received Prepare
Refreshing native plugins compatible for Editor in 1.59 ms, found 4 plugins.
Preloading 0 native plugins for Editor in 0.00 ms.
Unloading 13 Unused Serialized files (Serialized files now loaded: 0)
Unloading 6710 unused Assets / (4.9 MB). Loaded Objects now: 7445.
Memory consumption went from 141.4 MB to 136.5 MB.
Total: 30.785300 ms (FindLiveObjects: 1.440000 ms CreateObjectMapping: 4.345800 ms MarkObjects: 19.369000 ms  DeleteObjects: 5.628900 ms)

Prepare: number of updated asset objects reloaded= 0
========================================================================
Received Import Request.
  Time since last request: 478.636738 seconds.
  path: Assets/Scripts/WordsGrid.cs
  artifactKey: Guid(2819a45405cc4a14bbcd16a45e8740f8) Importer(815301076,1909f56bfc062723c751e8b465ee728b)
Start importing Assets/Scripts/WordsGrid.cs using Guid(2819a45405cc4a14bbcd16a45e8740f8) Importer(815301076,1909f56bfc062723c751e8b465ee728b) (PreviewImporter) -> (artifact id: 'f0e68a8e899c6a4c3732d0f55b373016') in 0.0324591 seconds
Number of updated asset objects reloaded before import = 0Number of asset objects unloaded after import = 0

========================================================================
Received Prepare
Refreshing native plugins compatible for Editor in 2.22 ms, found 4 plugins.
Preloading 0 native plugins for Editor in 0.00 ms.
Unloading 13 Unused Serialized files (Serialized files now loaded: 0)
Unloading 6710 unused Assets / (9.0 MB). Loaded Objects now: 7445.
Memory consumption went from 141.4 MB to 132.4 MB.
Total: 51.966600 ms (FindLiveObjects: 1.251500 ms CreateObjectMapping: 1.771600 ms MarkObjects: 13.318900 ms  DeleteObjects: 35.622600 ms)

Prepare: number of updated asset objects reloaded= 0
========================================================================
Received Prepare
Refreshing native plugins compatible for Editor in 1.92 ms, found 4 plugins.
Preloading 0 native plugins for Editor in 0.00 ms.
Unloading 13 Unused Serialized files (Serialized files now loaded: 0)
Unloading 6710 unused Assets / (5.7 MB). Loaded Objects now: 7445.
Memory consumption went from 141.4 MB to 135.7 MB.
Total: 23.876500 ms (FindLiveObjects: 1.220800 ms CreateObjectMapping: 5.100600 ms MarkObjects: 10.475600 ms  DeleteObjects: 7.078300 ms)

Prepare: number of updated asset objects reloaded= 0
========================================================================
Received Import Request.
  Time since last request: 229.260226 seconds.
  path: Assets/Scripts/WordsGrid.cs
  artifactKey: Guid(2819a45405cc4a14bbcd16a45e8740f8) Importer(815301076,1909f56bfc062723c751e8b465ee728b)
Start importing Assets/Scripts/WordsGrid.cs using Guid(2819a45405cc4a14bbcd16a45e8740f8) Importer(815301076,1909f56bfc062723c751e8b465ee728b) (PreviewImporter) -> (artifact id: '1ff3eb29756442bf1f066b11682b8693') in 0.0246943 seconds
Number of updated asset objects reloaded before import = 0Number of asset objects unloaded after import = 0

========================================================================
Received Prepare
Begin MonoManager ReloadAssembly
- Loaded All Assemblies, in  0.805 seconds
Refreshing native plugins compatible for Editor in 0.89 ms, found 4 plugins.
Native extension for WindowsStandalone target not found
Native extension for WebGL target not found
[Package Manager] Failed to launch server process. Reason: Unity was launched with the -noUpm command-line argument
[Package Manager] Unable to send message (not connected to server process).
[Package Manager] Cannot connect to Unity Package Manager local server
Mono: successfully reloaded assembly
- Finished resetting the current domain, in  0.810 seconds
Domain Reload Profiling: 1617ms
	BeginReloadAssembly (242ms)
		ExecutionOrderSort (0ms)
		DisableScriptedObjects (16ms)
		BackupInstance (0ms)
		ReleaseScriptingObjects (0ms)
		CreateAndSetChildDomain (60ms)
	RebuildCommonClasses (41ms)
	RebuildNativeTypeToScriptingClass (13ms)
	initialDomainReloadingComplete (34ms)
	LoadAllAssembliesAndSetupDomain (477ms)
		LoadAssemblies (358ms)
		RebuildTransferFunctionScriptingTraits (0ms)
		AnalyzeDomain (221ms)
			TypeCache.Refresh (12ms)
				TypeCache.ScanAssembly (1ms)
			BuildScriptInfoCaches (192ms)
			ResolveRequiredComponents (12ms)
	FinalizeReload (810ms)
		ReleaseScriptCaches (0ms)
		RebuildScriptCaches (0ms)
		SetupLoadedEditorAssemblies (639ms)
			LogAssemblyErrors (0ms)
			InitializePlatformSupportModulesInManaged (4ms)
			SetLoadedEditorAssemblies (6ms)
			BeforeProcessingInitializeOnLoad (152ms)
			ProcessInitializeOnLoadAttributes (406ms)
			ProcessInitializeOnLoadMethodAttributes (63ms)
			AfterProcessingInitializeOnLoad (8ms)
			EditorAssembliesLoaded (0ms)
		ExecutionOrderSort2 (0ms)
		AwakeInstancesAfterBackupRestoration (15ms)
Refreshing native plugins compatible for Editor in 1.38 ms, found 4 plugins.
Preloading 0 native plugins for Editor in 0.00 ms.
Unloading 13 Unused Serialized files (Serialized files now loaded: 0)
Unloading 6721 unused Assets / (5.0 MB). Loaded Objects now: 7448.
Memory consumption went from 146.7 MB to 141.7 MB.
Total: 22.033600 ms (FindLiveObjects: 3.077100 ms CreateObjectMapping: 2.909000 ms MarkObjects: 10.809500 ms  DeleteObjects: 5.235900 ms)

Prepare: number of updated asset objects reloaded= 0
========================================================================
Received Import Request.
  Time since last request: 211.694941 seconds.
  path: Assets/Resources/Data/GameAlphabet.asset
  artifactKey: Guid(96b3ee7b8cec2584789d4b7cbe4eb1bc) Importer(815301076,1909f56bfc062723c751e8b465ee728b)
Start importing Assets/Resources/Data/GameAlphabet.asset using Guid(96b3ee7b8cec2584789d4b7cbe4eb1bc) Importer(815301076,1909f56bfc062723c751e8b465ee728b) (PreviewImporter) -> (artifact id: '5e4fa838c54241f7f9b71d38465a184b') in 0.0518707 seconds
Number of updated asset objects reloaded before import = 0Number of asset objects unloaded after import = 100

========================================================================
Received Import Request.
  Time since last request: 157.590973 seconds.
  path: Assets/Graphic/Letters/True/А.png
  artifactKey: Guid(61a7c21694506e14d82228b55a400ba4) Importer(815301076,1909f56bfc062723c751e8b465ee728b)
Start importing Assets/Graphic/Letters/True/А.png using Guid(61a7c21694506e14d82228b55a400ba4) Importer(815301076,1909f56bfc062723c751e8b465ee728b) (PreviewImporter) -> (artifact id: '9e1c23c4ba6e7007cbab9a0f2c8bd8ea') in 0.1327246 seconds
Number of updated asset objects reloaded before import = 0Number of asset objects unloaded after import = 3

========================================================================
Received Import Request.
  Time since last request: 0.000032 seconds.
  path: Assets/Graphic/Letters/True/С.png
  artifactKey: Guid(3fcff9f83c3a94e49a905f1cddb9fb72) Importer(815301076,1909f56bfc062723c751e8b465ee728b)
Start importing Assets/Graphic/Letters/True/С.png using Guid(3fcff9f83c3a94e49a905f1cddb9fb72) Importer(815301076,1909f56bfc062723c751e8b465ee728b) (PreviewImporter) -> (artifact id: '50f643107205eb45856f4a1870f37da9') in 0.0186438 seconds
Number of updated asset objects reloaded before import = 0Number of asset objects unloaded after import = 3

========================================================================
Received Import Request.
  Time since last request: 0.000035 seconds.
  path: Assets/Graphic/Letters/True/Н.png
  artifactKey: Guid(e88b3cb97d4f58844a578f3a39d54bfd) Importer(815301076,1909f56bfc062723c751e8b465ee728b)
Start importing Assets/Graphic/Letters/True/Н.png using Guid(e88b3cb97d4f58844a578f3a39d54bfd) Importer(815301076,1909f56bfc062723c751e8b465ee728b) (PreviewImporter) -> (artifact id: '803edb0a097549ffa163f35d08a620ec') in 0.0197378 seconds
Number of updated asset objects reloaded before import = 0Number of asset objects unloaded after import = 3

========================================================================
Received Import Request.
  Time since last request: 0.000027 seconds.
  path: Assets/Graphic/Letters/True/Й.png
  artifactKey: Guid(8db6ba5a985330a41880db740e71e024) Importer(815301076,1909f56bfc062723c751e8b465ee728b)
Start importing Assets/Graphic/Letters/True/Й.png using Guid(8db6ba5a985330a41880db740e71e024) Importer(815301076,1909f56bfc062723c751e8b465ee728b) (PreviewImporter) -> (artifact id: '35785d3e69669fae068671e9e061623e') in 0.0173727 seconds
Number of updated asset objects reloaded before import = 0Number of asset objects unloaded after import = 3

========================================================================
Received Import Request.
  Time since last request: 0.000018 seconds.
  path: Assets/Graphic/Letters/True/М.png
  artifactKey: Guid(dc63443b62cff244e9a1b9917911b99e) Importer(815301076,1909f56bfc062723c751e8b465ee728b)
Start importing Assets/Graphic/Letters/True/М.png using Guid(dc63443b62cff244e9a1b9917911b99e) Importer(815301076,1909f56bfc062723c751e8b465ee728b) (PreviewImporter) -> (artifact id: '03744780f9ad2d00ba229fe4337a5ec6') in 0.0202121 seconds
Number of updated asset objects reloaded before import = 0Number of asset objects unloaded after import = 3

========================================================================
Received Import Request.
  Time since last request: 0.000043 seconds.
  path: Assets/Graphic/Letters/True/Ж.png
  artifactKey: Guid(d240712396b591b449d7fb2a89a42303) Importer(815301076,1909f56bfc062723c751e8b465ee728b)
Start importing Assets/Graphic/Letters/True/Ж.png using Guid(d240712396b591b449d7fb2a89a42303) Importer(815301076,1909f56bfc062723c751e8b465ee728b) (PreviewImporter) -> (artifact id: '083a4625dc12198a438e262fe55ab94b') in 0.0197607 seconds
Number of updated asset objects reloaded before import = 0Number of asset objects unloaded after import = 3

========================================================================
Received Import Request.
  Time since last request: 0.000024 seconds.
  path: Assets/Graphic/Letters/True/Ф.png
  artifactKey: Guid(e0d1c2d7c628ee64ab109dc468ddaa58) Importer(815301076,1909f56bfc062723c751e8b465ee728b)
Start importing Assets/Graphic/Letters/True/Ф.png using Guid(e0d1c2d7c628ee64ab109dc468ddaa58) Importer(815301076,1909f56bfc062723c751e8b465ee728b) (PreviewImporter) -> (artifact id: '476feef16abb70a64680844ebbd0daa9') in 0.0214536 seconds
Number of updated asset objects reloaded before import = 0Number of asset objects unloaded after import = 3

========================================================================
Received Import Request.
  Time since last request: 0.000039 seconds.
  path: Assets/Graphic/Letters/True/И.png
  artifactKey: Guid(ccef00a6bf9a99443a96521cbd928c17) Importer(815301076,1909f56bfc062723c751e8b465ee728b)
Start importing Assets/Graphic/Letters/True/И.png using Guid(ccef00a6bf9a99443a96521cbd928c17) Importer(815301076,1909f56bfc062723c751e8b465ee728b) (PreviewImporter) -> (artifact id: 'c35949c2fb029653e2f64b74c18b419c') in 0.0211324 seconds
Number of updated asset objects reloaded before import = 0Number of asset objects unloaded after import = 3

========================================================================
Received Import Request.
  Time since last request: 0.000035 seconds.
  path: Assets/Graphic/Letters/True/К.png
  artifactKey: Guid(a63815fb484402c46b2cc30314214aac) Importer(815301076,1909f56bfc062723c751e8b465ee728b)
Start importing Assets/Graphic/Letters/True/К.png using Guid(a63815fb484402c46b2cc30314214aac) Importer(815301076,1909f56bfc062723c751e8b465ee728b) (PreviewImporter) -> (artifact id: 'd5bd0bec72f2e776cd34a9774bb0596d') in 0.023515 seconds
Number of updated asset objects reloaded before import = 0Number of asset objects unloaded after import = 3

========================================================================
Received Import Request.
  Time since last request: 0.000041 seconds.
  path: Assets/Graphic/Letters/True/Л.png
  artifactKey: Guid(5193733a66d09a744a1b685e10855cb7) Importer(815301076,1909f56bfc062723c751e8b465ee728b)
Start importing Assets/Graphic/Letters/True/Л.png using Guid(5193733a66d09a744a1b685e10855cb7) Importer(815301076,1909f56bfc062723c751e8b465ee728b) (PreviewImporter) -> (artifact id: 'e9ce1c842b5491b2a6ba6b5e51dcdcfe') in 0.0248514 seconds
Number of updated asset objects reloaded before import = 0Number of asset objects unloaded after import = 3

========================================================================
Received Import Request.
  Time since last request: 0.000023 seconds.
  path: Assets/Graphic/Letters/True/В.png
  artifactKey: Guid(cba8b243aa19833489f1b3eba55f5182) Importer(815301076,1909f56bfc062723c751e8b465ee728b)
Start importing Assets/Graphic/Letters/True/В.png using Guid(cba8b243aa19833489f1b3eba55f5182) Importer(815301076,1909f56bfc062723c751e8b465ee728b) (PreviewImporter) -> (artifact id: '4485faf08f77906b7a93b9930426eacc') in 0.0261171 seconds
Number of updated asset objects reloaded before import = 0Number of asset objects unloaded after import = 3

========================================================================
Received Import Request.
  Time since last request: 35.036383 seconds.
  path: Assets/Graphic/Letters/Normal/Б.png
  artifactKey: Guid(7897724caf110054a9832733b48ca116) Importer(815301076,1909f56bfc062723c751e8b465ee728b)
Start importing Assets/Graphic/Letters/Normal/Б.png using Guid(7897724caf110054a9832733b48ca116) Importer(815301076,1909f56bfc062723c751e8b465ee728b) (PreviewImporter) -> (artifact id: 'ba9d0c5010658daafee1d59d45ea41ed') in 0.0310069 seconds
Number of updated asset objects reloaded before import = 0Number of asset objects unloaded after import = 3

========================================================================
Received Import Request.
  Time since last request: 0.000020 seconds.
  path: Assets/Graphic/Letters/Normal/С.png
  artifactKey: Guid(c3e6c1917c43e814e90426616e46427b) Importer(815301076,1909f56bfc062723c751e8b465ee728b)
Start importing Assets/Graphic/Letters/Normal/С.png using Guid(c3e6c1917c43e814e90426616e46427b) Importer(815301076,1909f56bfc062723c751e8b465ee728b) (PreviewImporter) -> (artifact id: '4df95b8f0547637d2d06af52db56b014') in 0.0210845 seconds
Number of updated asset objects reloaded before import = 0Number of asset objects unloaded after import = 3

========================================================================
Received Import Request.
  Time since last request: 0.000019 seconds.
  path: Assets/Graphic/Letters/Normal/Й.png
  artifactKey: Guid(245c5ef5bc630f54fbdab6e9648fd0d5) Importer(815301076,1909f56bfc062723c751e8b465ee728b)
Start importing Assets/Graphic/Letters/Normal/Й.png using Guid(245c5ef5bc630f54fbdab6e9648fd0d5) Importer(815301076,1909f56bfc062723c751e8b465ee728b) (PreviewImporter) -> (artifact id: '6b328ca89735067d9b94800ca3c284ee') in 0.0195052 seconds
Number of updated asset objects reloaded before import = 0Number of asset objects unloaded after import = 3

========================================================================
Received Import Request.
  Time since last request: 0.000026 seconds.
  path: Assets/Graphic/Letters/Normal/Ж.png
  artifactKey: Guid(6eb428360ab1a274a983f1b6f92e2584) Importer(815301076,1909f56bfc062723c751e8b465ee728b)
Start importing Assets/Graphic/Letters/Normal/Ж.png using Guid(6eb428360ab1a274a983f1b6f92e2584) Importer(815301076,1909f56bfc062723c751e8b465ee728b) (PreviewImporter) -> (artifact id: '833367ace52f2b0e2596d5a823e70875') in 0.0206683 seconds
Number of updated asset objects reloaded before import = 0Number of asset objects unloaded after import = 3

========================================================================
Received Import Request.
  Time since last request: 0.000017 seconds.
  path: Assets/Graphic/Letters/Normal/В.png
  artifactKey: Guid(7758cbe4bc5523545a071d6ca3d9442d) Importer(815301076,1909f56bfc062723c751e8b465ee728b)
Start importing Assets/Graphic/Letters/Normal/В.png using Guid(7758cbe4bc5523545a071d6ca3d9442d) Importer(815301076,1909f56bfc062723c751e8b465ee728b) (PreviewImporter) -> (artifact id: 'ad3a0f204a522407c5c0d75b61e5e393') in 0.0225147 seconds
Number of updated asset objects reloaded before import = 0Number of asset objects unloaded after import = 3

========================================================================
Received Import Request.
  Time since last request: 0.000018 seconds.
  path: Assets/Graphic/Letters/Normal/З.png
  artifactKey: Guid(4a7b08c73c7a2214a8844d023623808a) Importer(815301076,1909f56bfc062723c751e8b465ee728b)
Start importing Assets/Graphic/Letters/Normal/З.png using Guid(4a7b08c73c7a2214a8844d023623808a) Importer(815301076,1909f56bfc062723c751e8b465ee728b) (PreviewImporter) -> (artifact id: 'c515e6dded3e626d976c26f097641ce6') in 0.0206626 seconds
Number of updated asset objects reloaded before import = 0Number of asset objects unloaded after import = 3

========================================================================
Received Import Request.
  Time since last request: 0.000018 seconds.
  path: Assets/Graphic/Letters/Normal/Ф.png
  artifactKey: Guid(a526e9c24abc8e24fa741ac756e45a59) Importer(815301076,1909f56bfc062723c751e8b465ee728b)
Start importing Assets/Graphic/Letters/Normal/Ф.png using Guid(a526e9c24abc8e24fa741ac756e45a59) Importer(815301076,1909f56bfc062723c751e8b465ee728b) (PreviewImporter) -> (artifact id: '3350fa18a4a6a24ab2326d29bfa96c0d') in 0.02159 seconds
Number of updated asset objects reloaded before import = 0Number of asset objects unloaded after import = 3

========================================================================
Received Import Request.
  Time since last request: 0.000037 seconds.
  path: Assets/Graphic/Letters/Normal/Е.png
  artifactKey: Guid(2cc13264760e5984481f80e7256923f4) Importer(815301076,1909f56bfc062723c751e8b465ee728b)
Start importing Assets/Graphic/Letters/Normal/Е.png using Guid(2cc13264760e5984481f80e7256923f4) Importer(815301076,1909f56bfc062723c751e8b465ee728b) (PreviewImporter) -> (artifact id: '2351dc8a4b5ff3e578a863cce063143f') in 0.020062 seconds
Number of updated asset objects reloaded before import = 0Number of asset objects unloaded after import = 3

Editor requested this worker to shutdown with reason: Scaling down because of idle timeout
AssetImportWorker is now disconnected from the server
Process exiting
Exiting without the bug reporter. Application will terminate with return code 0